<?xml version="1.0" encoding="UTF-8"?>
<testsuite name="com.prototype.classyBackEnd.ServiceTest" tests="2" skipped="0" failures="0" errors="0" timestamp="2021-12-21T06:41:21" hostname="DESKTOP-MDQLFE6" time="0.066">
  <properties/>
  <testcase name="서비스테스트2()" classname="com.prototype.classyBackEnd.ServiceTest" time="0.03"/>
  <testcase name="서비스테스트()" classname="com.prototype.classyBackEnd.ServiceTest" time="0.035"/>
  <system-out><![CDATA[2021-12-21 15:41:21.367  INFO 17700 --- [    Test worker] .b.t.c.SpringBootTestContextBootstrapper : Neither @ContextConfiguration nor @ContextHierarchy found for test class [com.prototype.classyBackEnd.ServiceTest], using SpringBootContextLoader
2021-12-21 15:41:21.368  INFO 17700 --- [    Test worker] o.s.t.c.support.AbstractContextLoader    : Could not detect default resource locations for test class [com.prototype.classyBackEnd.ServiceTest]: no resource found for suffixes {-context.xml, Context.groovy}.
2021-12-21 15:41:21.368  INFO 17700 --- [    Test worker] t.c.s.AnnotationConfigContextLoaderUtils : Could not detect default configuration classes for test class [com.prototype.classyBackEnd.ServiceTest]: ServiceTest does not declare any static, non-private, non-final, nested classes annotated with @Configuration.
2021-12-21 15:41:21.369  INFO 17700 --- [    Test worker] .b.t.c.SpringBootTestContextBootstrapper : Found @SpringBootConfiguration com.prototype.classyBackEnd.ClassyBackEndApplication for test class com.prototype.classyBackEnd.ServiceTest
2021-12-21 15:41:21.370  INFO 17700 --- [    Test worker] .b.t.c.SpringBootTestContextBootstrapper : Loaded default TestExecutionListener class names from location [META-INF/spring.factories]: [org.springframework.security.test.context.support.WithSecurityContextTestExecutionListener, org.springframework.security.test.context.support.ReactorContextTestExecutionListener, org.springframework.boot.test.autoconfigure.restdocs.RestDocsTestExecutionListener, org.springframework.boot.test.autoconfigure.web.client.MockRestServiceServerResetTestExecutionListener, org.springframework.boot.test.autoconfigure.web.servlet.MockMvcPrintOnlyOnFailureTestExecutionListener, org.springframework.boot.test.autoconfigure.web.servlet.WebDriverTestExecutionListener, org.springframework.boot.test.autoconfigure.webservices.client.MockWebServiceServerTestExecutionListener, org.springframework.boot.test.mock.mockito.MockitoTestExecutionListener, org.springframework.boot.test.mock.mockito.ResetMocksTestExecutionListener, org.springframework.test.context.web.ServletTestExecutionListener, org.springframework.test.context.support.DirtiesContextBeforeModesTestExecutionListener, org.springframework.test.context.event.ApplicationEventsTestExecutionListener, org.springframework.test.context.support.DependencyInjectionTestExecutionListener, org.springframework.test.context.support.DirtiesContextTestExecutionListener, org.springframework.test.context.transaction.TransactionalTestExecutionListener, org.springframework.test.context.jdbc.SqlScriptsTestExecutionListener, org.springframework.test.context.event.EventPublishingTestExecutionListener]
2021-12-21 15:41:21.371  INFO 17700 --- [    Test worker] .b.t.c.SpringBootTestContextBootstrapper : Using TestExecutionListeners: [org.springframework.test.context.web.ServletTestExecutionListener@62ee32c6, org.springframework.test.context.support.DirtiesContextBeforeModesTestExecutionListener@5b1c4b48, org.springframework.test.context.event.ApplicationEventsTestExecutionListener@5e435f0d, org.springframework.boot.test.mock.mockito.MockitoTestExecutionListener@51a7ee4e, org.springframework.boot.test.autoconfigure.SpringBootDependencyInjectionTestExecutionListener@424c8ebe, org.springframework.test.context.support.DirtiesContextTestExecutionListener@7bb3cbb4, org.springframework.test.context.transaction.TransactionalTestExecutionListener@3fcc58f8, org.springframework.test.context.jdbc.SqlScriptsTestExecutionListener@51f714d1, org.springframework.security.test.context.support.WithSecurityContextTestExecutionListener@77e8492f, org.springframework.test.context.event.EventPublishingTestExecutionListener@1263d20d, org.springframework.security.test.context.support.ReactorContextTestExecutionListener@4f355321, org.springframework.boot.test.autoconfigure.restdocs.RestDocsTestExecutionListener@260d878a, org.springframework.boot.test.autoconfigure.web.client.MockRestServiceServerResetTestExecutionListener@13190355, org.springframework.boot.test.autoconfigure.web.servlet.MockMvcPrintOnlyOnFailureTestExecutionListener@1f664881, org.springframework.boot.test.autoconfigure.web.servlet.WebDriverTestExecutionListener@7aafac17, org.springframework.boot.test.autoconfigure.webservices.client.MockWebServiceServerTestExecutionListener@3054551f, org.springframework.boot.test.mock.mockito.ResetMocksTestExecutionListener@6b8cfbeb]
Hibernate: 
    select
        nextval(hibernate_sequence)
Hibernate: 
    insert 
    into
        member
        (auth_key, auth_status, classy_id_name, classy_nick_name, email, kakao_id, password, profile_image, member_id) 
    values
        (?, ?, ?, ?, ?, ?, ?, ?, ?)
Hibernate: 
    select
        nextval(hibernate_sequence)
Hibernate: 
    insert 
    into
        s3file
        (file_name, s3file_id) 
    values
        (?, ?)
]]></system-out>
  <system-err><![CDATA[]]></system-err>
</testsuite>
