<?xml version="1.0" encoding="UTF-8"?>
<testsuite name="com.prototype.classyBackEnd.ClassyBackEndApplicationTests" tests="1" skipped="0" failures="0" errors="0" timestamp="2021-12-21T06:41:21" hostname="DESKTOP-MDQLFE6" time="0.002">
  <properties/>
  <testcase name="contextLoads()" classname="com.prototype.classyBackEnd.ClassyBackEndApplicationTests" time="0.002"/>
  <system-out><![CDATA[2021-12-21 15:41:21.223  INFO 17700 --- [    Test worker] .b.t.c.SpringBootTestContextBootstrapper : Neither @ContextConfiguration nor @ContextHierarchy found for test class [com.prototype.classyBackEnd.ClassyBackEndApplicationTests], using SpringBootContextLoader
2021-12-21 15:41:21.224  INFO 17700 --- [    Test worker] o.s.t.c.support.AbstractContextLoader    : Could not detect default resource locations for test class [com.prototype.classyBackEnd.ClassyBackEndApplicationTests]: no resource found for suffixes {-context.xml, Context.groovy}.
2021-12-21 15:41:21.224  INFO 17700 --- [    Test worker] t.c.s.AnnotationConfigContextLoaderUtils : Could not detect default configuration classes for test class [com.prototype.classyBackEnd.ClassyBackEndApplicationTests]: ClassyBackEndApplicationTests does not declare any static, non-private, non-final, nested classes annotated with @Configuration.
2021-12-21 15:41:21.225  INFO 17700 --- [    Test worker] .b.t.c.SpringBootTestContextBootstrapper : Found @SpringBootConfiguration com.prototype.classyBackEnd.ClassyBackEndApplication for test class com.prototype.classyBackEnd.ClassyBackEndApplicationTests
2021-12-21 15:41:21.226  INFO 17700 --- [    Test worker] .b.t.c.SpringBootTestContextBootstrapper : Loaded default TestExecutionListener class names from location [META-INF/spring.factories]: [org.springframework.security.test.context.support.WithSecurityContextTestExecutionListener, org.springframework.security.test.context.support.ReactorContextTestExecutionListener, org.springframework.boot.test.autoconfigure.restdocs.RestDocsTestExecutionListener, org.springframework.boot.test.autoconfigure.web.client.MockRestServiceServerResetTestExecutionListener, org.springframework.boot.test.autoconfigure.web.servlet.MockMvcPrintOnlyOnFailureTestExecutionListener, org.springframework.boot.test.autoconfigure.web.servlet.WebDriverTestExecutionListener, org.springframework.boot.test.autoconfigure.webservices.client.MockWebServiceServerTestExecutionListener, org.springframework.boot.test.mock.mockito.MockitoTestExecutionListener, org.springframework.boot.test.mock.mockito.ResetMocksTestExecutionListener, org.springframework.test.context.web.ServletTestExecutionListener, org.springframework.test.context.support.DirtiesContextBeforeModesTestExecutionListener, org.springframework.test.context.event.ApplicationEventsTestExecutionListener, org.springframework.test.context.support.DependencyInjectionTestExecutionListener, org.springframework.test.context.support.DirtiesContextTestExecutionListener, org.springframework.test.context.transaction.TransactionalTestExecutionListener, org.springframework.test.context.jdbc.SqlScriptsTestExecutionListener, org.springframework.test.context.event.EventPublishingTestExecutionListener]
2021-12-21 15:41:21.227  INFO 17700 --- [    Test worker] .b.t.c.SpringBootTestContextBootstrapper : Using TestExecutionListeners: [org.springframework.test.context.web.ServletTestExecutionListener@3da76d3a, org.springframework.test.context.support.DirtiesContextBeforeModesTestExecutionListener@167da81d, org.springframework.test.context.event.ApplicationEventsTestExecutionListener@24c6a471, org.springframework.boot.test.mock.mockito.MockitoTestExecutionListener@1fce17b8, org.springframework.boot.test.autoconfigure.SpringBootDependencyInjectionTestExecutionListener@190677c6, org.springframework.test.context.support.DirtiesContextTestExecutionListener@62c019bb, org.springframework.test.context.transaction.TransactionalTestExecutionListener@7334dcbe, org.springframework.test.context.jdbc.SqlScriptsTestExecutionListener@1ca876b7, org.springframework.security.test.context.support.WithSecurityContextTestExecutionListener@36ba9aa3, org.springframework.test.context.event.EventPublishingTestExecutionListener@54d5500e, org.springframework.security.test.context.support.ReactorContextTestExecutionListener@1d1a706, org.springframework.boot.test.autoconfigure.restdocs.RestDocsTestExecutionListener@5e136445, org.springframework.boot.test.autoconfigure.web.client.MockRestServiceServerResetTestExecutionListener@3c9e82a6, org.springframework.boot.test.autoconfigure.web.servlet.MockMvcPrintOnlyOnFailureTestExecutionListener@4235e01b, org.springframework.boot.test.autoconfigure.web.servlet.WebDriverTestExecutionListener@4ed096cc, org.springframework.boot.test.autoconfigure.webservices.client.MockWebServiceServerTestExecutionListener@b24e21f, org.springframework.boot.test.mock.mockito.ResetMocksTestExecutionListener@43e7ca6f]
]]></system-out>
  <system-err><![CDATA[]]></system-err>
</testsuite>
