<?xml version="1.0" encoding="UTF-8"?>
<testsuite name="com.prototype.classyBackEnd.MemberDaoTest" tests="1" skipped="0" failures="0" errors="0" timestamp="2021-12-21T06:41:21" hostname="DESKTOP-MDQLFE6" time="0.13">
  <properties/>
  <testcase name="MemberInsert()" classname="com.prototype.classyBackEnd.MemberDaoTest" time="0.13"/>
  <system-out><![CDATA[2021-12-21 15:41:21.232  INFO 17700 --- [    Test worker] .b.t.c.SpringBootTestContextBootstrapper : Neither @ContextConfiguration nor @ContextHierarchy found for test class [com.prototype.classyBackEnd.MemberDaoTest], using SpringBootContextLoader
2021-12-21 15:41:21.233  INFO 17700 --- [    Test worker] o.s.t.c.support.AbstractContextLoader    : Could not detect default resource locations for test class [com.prototype.classyBackEnd.MemberDaoTest]: no resource found for suffixes {-context.xml, Context.groovy}.
2021-12-21 15:41:21.233  INFO 17700 --- [    Test worker] t.c.s.AnnotationConfigContextLoaderUtils : Could not detect default configuration classes for test class [com.prototype.classyBackEnd.MemberDaoTest]: MemberDaoTest does not declare any static, non-private, non-final, nested classes annotated with @Configuration.
2021-12-21 15:41:21.234  INFO 17700 --- [    Test worker] .b.t.c.SpringBootTestContextBootstrapper : Found @SpringBootConfiguration com.prototype.classyBackEnd.ClassyBackEndApplication for test class com.prototype.classyBackEnd.MemberDaoTest
2021-12-21 15:41:21.234  INFO 17700 --- [    Test worker] .b.t.c.SpringBootTestContextBootstrapper : Loaded default TestExecutionListener class names from location [META-INF/spring.factories]: [org.springframework.security.test.context.support.WithSecurityContextTestExecutionListener, org.springframework.security.test.context.support.ReactorContextTestExecutionListener, org.springframework.boot.test.autoconfigure.restdocs.RestDocsTestExecutionListener, org.springframework.boot.test.autoconfigure.web.client.MockRestServiceServerResetTestExecutionListener, org.springframework.boot.test.autoconfigure.web.servlet.MockMvcPrintOnlyOnFailureTestExecutionListener, org.springframework.boot.test.autoconfigure.web.servlet.WebDriverTestExecutionListener, org.springframework.boot.test.autoconfigure.webservices.client.MockWebServiceServerTestExecutionListener, org.springframework.boot.test.mock.mockito.MockitoTestExecutionListener, org.springframework.boot.test.mock.mockito.ResetMocksTestExecutionListener, org.springframework.test.context.web.ServletTestExecutionListener, org.springframework.test.context.support.DirtiesContextBeforeModesTestExecutionListener, org.springframework.test.context.event.ApplicationEventsTestExecutionListener, org.springframework.test.context.support.DependencyInjectionTestExecutionListener, org.springframework.test.context.support.DirtiesContextTestExecutionListener, org.springframework.test.context.transaction.TransactionalTestExecutionListener, org.springframework.test.context.jdbc.SqlScriptsTestExecutionListener, org.springframework.test.context.event.EventPublishingTestExecutionListener]
2021-12-21 15:41:21.235  INFO 17700 --- [    Test worker] .b.t.c.SpringBootTestContextBootstrapper : Using TestExecutionListeners: [org.springframework.test.context.web.ServletTestExecutionListener@480b785a, org.springframework.test.context.support.DirtiesContextBeforeModesTestExecutionListener@35427786, org.springframework.test.context.event.ApplicationEventsTestExecutionListener@6554f841, org.springframework.boot.test.mock.mockito.MockitoTestExecutionListener@1bef1304, org.springframework.boot.test.autoconfigure.SpringBootDependencyInjectionTestExecutionListener@835718b, org.springframework.test.context.support.DirtiesContextTestExecutionListener@2e6dc94c, org.springframework.test.context.transaction.TransactionalTestExecutionListener@6c39ba30, org.springframework.test.context.jdbc.SqlScriptsTestExecutionListener@f2df380, org.springframework.security.test.context.support.WithSecurityContextTestExecutionListener@2c3762c7, org.springframework.test.context.event.EventPublishingTestExecutionListener@6cd0f9a4, org.springframework.security.test.context.support.ReactorContextTestExecutionListener@4d992634, org.springframework.boot.test.autoconfigure.restdocs.RestDocsTestExecutionListener@2d487df4, org.springframework.boot.test.autoconfigure.web.client.MockRestServiceServerResetTestExecutionListener@3a7e13c0, org.springframework.boot.test.autoconfigure.web.servlet.MockMvcPrintOnlyOnFailureTestExecutionListener@5188c0f2, org.springframework.boot.test.autoconfigure.web.servlet.WebDriverTestExecutionListener@5524e471, org.springframework.boot.test.autoconfigure.webservices.client.MockWebServiceServerTestExecutionListener@3b6d94fc, org.springframework.boot.test.mock.mockito.ResetMocksTestExecutionListener@71c77042]
Hibernate: 
    select
        nextval(hibernate_sequence)
Hibernate: 
    insert 
    into
        member
        (auth_key, auth_status, classy_id_name, classy_nick_name, email, kakao_id, password, profile_image, member_id) 
    values
        (?, ?, ?, ?, ?, ?, ?, ?, ?)
]]></system-out>
  <system-err><![CDATA[]]></system-err>
</testsuite>
